{"total": {"lines":{"total":1244,"covered":1232,"skipped":0,"pct":99.03},"statements":{"total":1341,"covered":1308,"skipped":0,"pct":97.53},"functions":{"total":167,"covered":162,"skipped":0,"pct":97},"branches":{"total":607,"covered":532,"skipped":0,"pct":87.64},"branchesTrue":{"total":0,"covered":0,"skipped":0,"pct":"Unknown"}}
,"/home/runner/work/basa/basa/app.js": {"lines":{"total":1244,"covered":1232,"skipped":0,"pct":99.03},"functions":{"total":167,"covered":162,"skipped":0,"pct":97},"statements":{"total":1341,"covered":1308,"skipped":0,"pct":97.53},"branches":{"total":607,"covered":532,"skipped":0,"pct":87.64}}
}
