{"total": {"lines":{"total":965,"covered":955,"skipped":0,"pct":98.96},"statements":{"total":1025,"covered":1010,"skipped":0,"pct":98.53},"functions":{"total":116,"covered":114,"skipped":0,"pct":98.27},"branches":{"total":427,"covered":376,"skipped":0,"pct":88.05},"branchesTrue":{"total":0,"covered":0,"skipped":0,"pct":"Unknown"}}
,"/home/runner/work/basa/basa/app.js": {"lines":{"total":965,"covered":955,"skipped":0,"pct":98.96},"functions":{"total":116,"covered":114,"skipped":0,"pct":98.27},"statements":{"total":1025,"covered":1010,"skipped":0,"pct":98.53},"branches":{"total":427,"covered":376,"skipped":0,"pct":88.05}}
}
