TN:
SF:app.js
FN:148,normalizeParentProfile
FN:152,normalizeChildProfile
FN:159,syncActiveProfiles
FN:171,clampProfileIndex
FN:182,storageGet
FN:194,storageGetString
FN:200,storageSet
FN:208,storageSetString
FN:217,loadStateFromStorage
FN:243,(anonymous_9)
FN:251,loadProfilesFromStorage
FN:273,init
FN:278,(anonymous_12)
FN:279,(anonymous_13)
FN:290,(anonymous_14)
FN:297,(anonymous_15)
FN:298,(anonymous_16)
FN:299,(anonymous_17)
FN:315,(anonymous_18)
FN:326,(anonymous_19)
FN:327,(anonymous_20)
FN:328,(anonymous_21)
FN:333,(anonymous_22)
FN:343,(anonymous_23)
FN:344,(anonymous_24)
FN:354,(anonymous_25)
FN:362,(anonymous_26)
FN:385,hydrateFromDatabase
FN:390,(anonymous_28)
FN:409,saveState
FN:437,switchTab
FN:439,(anonymous_31)
FN:446,(anonymous_32)
FN:463,setViewMode
FN:487,toggleNav
FN:491,openNav
FN:495,closeNav
FN:499,setNavOpen
FN:527,availableLanguages
FN:533,languageDictionary
FN:539,populateLanguageOptions
FN:544,(anonymous_41)
FN:554,setLanguage
FN:555,(anonymous_43)
FN:558,(anonymous_44)
FN:569,translateDocument
FN:577,(anonymous_46)
FN:598,translateAttribute
FN:599,(anonymous_48)
FN:611,applyTheme
FN:632,toggleTheme
FN:639,handleSaveParentSetup
FN:674,handleSaveChildSetup
FN:706,startNewParentProfile
FN:712,startNewChildProfile
FN:718,selectParentProfile
FN:728,selectChildProfile
FN:737,removeParentProfile
FN:747,removeChildProfile
FN:758,renderSetupForms
FN:817,(anonymous_60)
FN:817,(anonymous_61)
FN:822,(anonymous_62)
FN:822,(anonymous_63)
FN:829,setFormTitle
FN:838,renderProfileList
FN:851,(anonymous_66)
FN:879,(anonymous_67)
FN:885,(anonymous_68)
FN:897,renderProfileSummary
FN:909,(anonymous_70)
FN:930,populateEmergencyCountries
FN:935,(anonymous_72)
FN:936,(anonymous_73)
FN:945,getEmergencyNumbers
FN:951,handleEmergencyCountryChange
FN:968,detectEmergencyLocation
FN:983,(anonymous_77)
FN:987,(anonymous_78)
FN:995,(anonymous_79)
FN:1002,applyEmergencyLocation
FN:1015,telHref
FN:1021,renderEmergencyNumbers
FN:1060,(anonymous_83)
FN:1088,triggerEmergency
FN:1123,resolveEmergency
FN:1141,playEmergencyBeep
FN:1162,handleAddRoutine
FN:1190,toggleRoutineComplete
FN:1191,(anonymous_89)
FN:1213,handleAddVital
FN:1234,(anonymous_91)
FN:1254,deleteVital
FN:1279,emptyWearables
FN:1281,(anonymous_94)
FN:1287,getWearableProvider
FN:1288,(anonymous_96)
FN:1292,readWearableMetric
FN:1299,toggleWearableConnection
FN:1321,syncWearables
FN:1322,(anonymous_100)
FN:1332,(anonymous_101)
FN:1344,(anonymous_102)
FN:1349,(anonymous_103)
FN:1350,(anonymous_104)
FN:1357,(anonymous_105)
FN:1374,formatSyncTime
FN:1382,renderWearables
FN:1387,(anonymous_108)
FN:1410,(anonymous_109)
FN:1420,handleAddEvent
FN:1437,(anonymous_111)
FN:1447,handleAddNote
FN:1467,handleVaultUpload
FN:1492,handleRadiusChange
FN:1509,moveParentLocation
FN:1529,checkGeofenceStatus
FN:1588,getSpeechRecognitionCtor
FN:1594,setDictationUI
FN:1610,logVoiceFeed
FN:1616,toggleVoiceDictation
FN:1647,(anonymous_121)
FN:1653,(anonymous_122)
FN:1671,(anonymous_123)
FN:1681,(anonymous_124)
FN:1703,stopVoiceDictation
FN:1718,triggerVoiceCommandSim
FN:1729,(anonymous_127)
FN:1796,setIoTMode
FN:1858,initMemoryGame
FN:1867,(anonymous_130)
FN:1882,(anonymous_131)
FN:1891,renderMemoryGame
FN:1895,(anonymous_133)
FN:1908,(anonymous_134)
FN:1919,handleMemoryFlip
FN:1920,(anonymous_136)
FN:1950,(anonymous_137)
FN:1959,(anonymous_138)
FN:1970,renderVitalsChart
FN:1992,(anonymous_140)
FN:1995,(anonymous_141)
FN:1998,(anonymous_142)
FN:2001,(anonymous_143)
FN:2063,(anonymous_144)
FN:2074,(anonymous_145)
FN:2085,(anonymous_146)
FN:2094,(anonymous_147)
FN:2136,(anonymous_148)
FN:2147,updateUI
FN:2186,(anonymous_150)
FN:2194,(anonymous_151)
FN:2209,(anonymous_152)
FN:2242,(anonymous_153)
FN:2246,(anonymous_154)
FN:2264,(anonymous_155)
FN:2294,(anonymous_156)
FN:2323,(anonymous_157)
FN:2346,(anonymous_158)
FN:2351,(anonymous_159)
FN:2374,(anonymous_160)
FN:2411,(anonymous_161)
FN:2429,(anonymous_162)
FN:2438,(anonymous_163)
FN:2438,(anonymous_164)
FN:2447,(anonymous_165)
FN:2456,(anonymous_166)
FN:2467,(anonymous_167)
FNF:168
FNH:69
FNDA:2,normalizeParentProfile
FNDA:2,normalizeChildProfile
FNDA:1,syncActiveProfiles
FNDA:2,clampProfileIndex
FNDA:19,storageGet
FNDA:4,storageGetString
FNDA:38,storageSet
FNDA:14,storageSetString
FNDA:1,loadStateFromStorage
FNDA:3,(anonymous_9)
FNDA:1,loadProfilesFromStorage
FNDA:1,init
FNDA:9,(anonymous_12)
FNDA:0,(anonymous_13)
FNDA:0,(anonymous_14)
FNDA:0,(anonymous_15)
FNDA:0,(anonymous_16)
FNDA:0,(anonymous_17)
FNDA:0,(anonymous_18)
FNDA:0,(anonymous_19)
FNDA:0,(anonymous_20)
FNDA:0,(anonymous_21)
FNDA:0,(anonymous_22)
FNDA:0,(anonymous_23)
FNDA:0,(anonymous_24)
FNDA:0,(anonymous_25)
FNDA:0,(anonymous_26)
FNDA:1,hydrateFromDatabase
FNDA:0,(anonymous_28)
FNDA:2,saveState
FNDA:1,switchTab
FNDA:9,(anonymous_31)
FNDA:9,(anonymous_32)
FNDA:1,setViewMode
FNDA:0,toggleNav
FNDA:0,openNav
FNDA:0,closeNav
FNDA:0,setNavOpen
FNDA:12,availableLanguages
FNDA:6,languageDictionary
FNDA:1,populateLanguageOptions
FNDA:3,(anonymous_41)
FNDA:5,setLanguage
FNDA:10,(anonymous_43)
FNDA:8,(anonymous_44)
FNDA:6,translateDocument
FNDA:9220,(anonymous_46)
FNDA:18,translateAttribute
FNDA:206,(anonymous_48)
FNDA:1,applyTheme
FNDA:0,toggleTheme
FNDA:0,handleSaveParentSetup
FNDA:0,handleSaveChildSetup
FNDA:0,startNewParentProfile
FNDA:0,startNewChildProfile
FNDA:0,selectParentProfile
FNDA:0,selectChildProfile
FNDA:0,removeParentProfile
FNDA:0,removeChildProfile
FNDA:1,renderSetupForms
FNDA:0,(anonymous_60)
FNDA:0,(anonymous_61)
FNDA:0,(anonymous_62)
FNDA:0,(anonymous_63)
FNDA:2,setFormTitle
FNDA:2,renderProfileList
FNDA:0,(anonymous_66)
FNDA:0,(anonymous_67)
FNDA:0,(anonymous_68)
FNDA:2,renderProfileSummary
FNDA:0,(anonymous_70)
FNDA:1,populateEmergencyCountries
FNDA:224,(anonymous_72)
FNDA:51,(anonymous_73)
FNDA:3,getEmergencyNumbers
FNDA:0,handleEmergencyCountryChange
FNDA:1,detectEmergencyLocation
FNDA:0,(anonymous_77)
FNDA:0,(anonymous_78)
FNDA:0,(anonymous_79)
FNDA:1,applyEmergencyLocation
FNDA:10,telHref
FNDA:2,renderEmergencyNumbers
FNDA:8,(anonymous_83)
FNDA:0,triggerEmergency
FNDA:0,resolveEmergency
FNDA:0,playEmergencyBeep
FNDA:0,handleAddRoutine
FNDA:0,toggleRoutineComplete
FNDA:0,(anonymous_89)
FNDA:0,handleAddVital
FNDA:0,(anonymous_91)
FNDA:0,deleteVital
FNDA:1,emptyWearables
FNDA:3,(anonymous_94)
FNDA:0,getWearableProvider
FNDA:0,(anonymous_96)
FNDA:0,readWearableMetric
FNDA:0,toggleWearableConnection
FNDA:0,syncWearables
FNDA:0,(anonymous_100)
FNDA:0,(anonymous_101)
FNDA:0,(anonymous_102)
FNDA:0,(anonymous_103)
FNDA:0,(anonymous_104)
FNDA:0,(anonymous_105)
FNDA:0,formatSyncTime
FNDA:1,renderWearables
FNDA:3,(anonymous_108)
FNDA:3,(anonymous_109)
FNDA:0,handleAddEvent
FNDA:0,(anonymous_111)
FNDA:0,handleAddNote
FNDA:0,handleVaultUpload
FNDA:0,handleRadiusChange
FNDA:0,moveParentLocation
FNDA:1,checkGeofenceStatus
FNDA:0,getSpeechRecognitionCtor
FNDA:0,setDictationUI
FNDA:0,logVoiceFeed
FNDA:0,toggleVoiceDictation
FNDA:0,(anonymous_121)
FNDA:0,(anonymous_122)
FNDA:0,(anonymous_123)
FNDA:0,(anonymous_124)
FNDA:0,stopVoiceDictation
FNDA:0,triggerVoiceCommandSim
FNDA:0,(anonymous_127)
FNDA:0,setIoTMode
FNDA:1,initMemoryGame
FNDA:12,(anonymous_130)
FNDA:0,(anonymous_131)
FNDA:1,renderMemoryGame
FNDA:12,(anonymous_133)
FNDA:0,(anonymous_134)
FNDA:0,handleMemoryFlip
FNDA:0,(anonymous_136)
FNDA:0,(anonymous_137)
FNDA:0,(anonymous_138)
FNDA:0,renderVitalsChart
FNDA:0,(anonymous_140)
FNDA:0,(anonymous_141)
FNDA:0,(anonymous_142)
FNDA:0,(anonymous_143)
FNDA:0,(anonymous_144)
FNDA:0,(anonymous_145)
FNDA:0,(anonymous_146)
FNDA:0,(anonymous_147)
FNDA:0,(anonymous_148)
FNDA:1,updateUI
FNDA:3,(anonymous_150)
FNDA:3,(anonymous_151)
FNDA:3,(anonymous_152)
FNDA:3,(anonymous_153)
FNDA:0,(anonymous_154)
FNDA:5,(anonymous_155)
FNDA:2,(anonymous_156)
FNDA:2,(anonymous_157)
FNDA:2,(anonymous_158)
FNDA:2,(anonymous_159)
FNDA:0,(anonymous_160)
FNDA:1,(anonymous_161)
FNDA:0,(anonymous_162)
FNDA:3,(anonymous_163)
FNDA:0,(anonymous_164)
FNDA:3,(anonymous_165)
FNDA:1,(anonymous_166)
FNDA:4,(anonymous_167)
DA:4,1
DA:48,1
DA:54,1
DA:62,1
DA:67,1
DA:72,1
DA:78,1
DA:133,1
DA:138,1
DA:149,2
DA:153,2
DA:154,2
DA:155,2
DA:160,1
DA:161,1
DA:163,1
DA:164,1
DA:166,1
DA:167,1
DA:172,2
DA:173,2
DA:174,2
DA:183,19
DA:184,19
DA:185,19
DA:186,19
DA:187,0
DA:188,0
DA:190,0
DA:195,4
DA:196,4
DA:197,4
DA:201,38
DA:202,0
DA:203,0
DA:205,38
DA:209,14
DA:210,0
DA:211,0
DA:213,14
DA:218,1
DA:219,1
DA:220,1
DA:221,1
DA:222,1
DA:223,1
DA:224,1
DA:225,1
DA:226,1
DA:227,1
DA:228,1
DA:231,1
DA:232,1
DA:233,1
DA:234,1
DA:235,1
DA:236,1
DA:240,1
DA:241,1
DA:242,1
DA:243,1
DA:244,3
DA:246,1
DA:247,1
DA:252,1
DA:253,1
DA:254,1
DA:255,1
DA:257,1
DA:260,1
DA:264,1
DA:265,1
DA:266,1
DA:267,1
DA:269,1
DA:275,1
DA:278,1
DA:279,9
DA:280,0
DA:281,0
DA:282,0
DA:287,1
DA:288,1
DA:289,1
DA:290,1
DA:291,0
DA:292,0
DA:297,1
DA:298,1
DA:299,1
DA:302,1
DA:303,1
DA:304,1
DA:307,1
DA:308,1
DA:309,1
DA:310,1
DA:311,1
DA:312,1
DA:315,1
DA:316,0
DA:317,0
DA:321,1
DA:322,1
DA:323,1
DA:324,1
DA:326,1
DA:327,1
DA:328,1
DA:331,1
DA:332,1
DA:333,1
DA:334,0
DA:335,0
DA:340,1
DA:343,1
DA:344,1
DA:347,1
DA:348,1
DA:349,1
DA:350,1
DA:353,1
DA:354,1
DA:355,1
DA:356,1
DA:357,1
DA:360,1
DA:361,1
DA:362,1
DA:365,1
DA:366,1
DA:367,1
DA:368,1
DA:369,1
DA:370,1
DA:371,1
DA:374,1
DA:375,1
DA:376,0
DA:378,1
DA:381,1
DA:386,1
DA:387,1
DA:390,0
DA:391,0
DA:392,0
DA:393,0
DA:395,0
DA:396,0
DA:397,0
DA:398,0
DA:399,0
DA:400,0
DA:401,0
DA:402,0
DA:403,0
DA:404,0
DA:410,2
DA:411,2
DA:412,2
DA:413,2
DA:414,2
DA:415,2
DA:416,2
DA:417,2
DA:418,2
DA:419,2
DA:420,2
DA:421,2
DA:422,2
DA:423,2
DA:424,2
DA:425,2
DA:426,2
DA:427,2
DA:428,2
DA:430,2
DA:431,2
DA:432,2
DA:433,2
DA:438,1
DA:439,9
DA:440,1
DA:441,1
DA:442,1
DA:446,1
DA:447,9
DA:448,1
DA:450,8
DA:455,1
DA:456,0
DA:459,1
DA:464,1
DA:465,1
DA:466,1
DA:467,1
DA:468,1
DA:470,1
DA:471,0
DA:472,0
DA:473,0
DA:474,0
DA:476,1
DA:477,1
DA:478,1
DA:479,1
DA:481,1
DA:488,0
DA:492,0
DA:496,0
DA:500,0
DA:501,0
DA:502,0
DA:504,0
DA:505,0
DA:506,0
DA:507,0
DA:508,0
DA:509,0
DA:511,0
DA:512,0
DA:513,0
DA:521,1
DA:522,1
DA:525,1
DA:528,12
DA:534,6
DA:535,6
DA:540,1
DA:541,1
DA:543,1
DA:544,1
DA:545,3
DA:546,3
DA:547,3
DA:548,3
DA:550,1
DA:555,10
DA:556,5
DA:558,8
DA:559,5
DA:561,5
DA:562,5
DA:564,5
DA:565,5
DA:570,6
DA:571,6
DA:573,6
DA:574,6
DA:575,9220
DA:577,6
DA:578,9220
DA:579,9220
DA:581,8836
DA:582,7112
DA:583,432
DA:586,2156
DA:587,2156
DA:588,2156
DA:589,2156
DA:592,6
DA:593,6
DA:594,6
DA:599,18
DA:600,206
DA:601,206
DA:602,36
DA:604,206
DA:605,206
DA:606,206
DA:612,1
DA:613,1
DA:615,1
DA:616,1
DA:617,1
DA:618,1
DA:619,1
DA:620,1
DA:621,1
DA:622,1
DA:624,1
DA:625,1
DA:628,1
DA:629,1
DA:633,0
DA:640,0
DA:642,0
DA:656,0
DA:657,0
DA:659,0
DA:660,0
DA:662,0
DA:664,0
DA:665,0
DA:666,0
DA:668,0
DA:669,0
DA:675,0
DA:677,0
DA:692,0
DA:693,0
DA:695,0
DA:696,0
DA:698,0
DA:700,0
DA:701,0
DA:702,0
DA:707,0
DA:708,0
DA:713,0
DA:714,0
DA:719,0
DA:720,0
DA:721,0
DA:722,0
DA:723,0
DA:724,0
DA:729,0
DA:730,0
DA:731,0
DA:732,0
DA:733,0
DA:734,0
DA:738,0
DA:739,0
DA:740,0
DA:741,0
DA:742,0
DA:743,0
DA:744,0
DA:748,0
DA:749,0
DA:750,0
DA:751,0
DA:752,0
DA:753,0
DA:754,0
DA:761,1
DA:762,1
DA:764,1
DA:765,1
DA:766,1
DA:767,1
DA:768,1
DA:769,1
DA:770,1
DA:771,1
DA:772,1
DA:773,1
DA:775,1
DA:776,1
DA:777,1
DA:778,1
DA:779,1
DA:780,1
DA:781,1
DA:782,1
DA:783,1
DA:785,1
DA:797,1
DA:808,1
DA:809,1
DA:811,1
DA:813,1
DA:816,1
DA:817,0
DA:821,1
DA:822,0
DA:830,2
DA:831,2
DA:832,2
DA:833,2
DA:834,2
DA:839,2
DA:840,2
DA:841,2
DA:843,2
DA:844,2
DA:845,2
DA:846,2
DA:847,2
DA:848,2
DA:851,0
DA:852,0
DA:853,0
DA:857,0
DA:858,0
DA:860,0
DA:861,0
DA:862,0
DA:864,0
DA:865,0
DA:866,0
DA:868,0
DA:869,0
DA:871,0
DA:872,0
DA:874,0
DA:875,0
DA:876,0
DA:877,0
DA:878,0
DA:879,0
DA:881,0
DA:882,0
DA:883,0
DA:884,0
DA:885,0
DA:887,0
DA:888,0
DA:890,0
DA:891,0
DA:892,0
DA:898,2
DA:899,2
DA:901,2
DA:902,2
DA:903,2
DA:904,2
DA:905,2
DA:906,2
DA:909,0
DA:910,0
DA:911,0
DA:913,0
DA:914,0
DA:915,0
DA:917,0
DA:918,0
DA:919,0
DA:921,0
DA:922,0
DA:923,0
DA:931,1
DA:932,1
DA:934,1
DA:935,224
DA:937,51
DA:938,51
DA:939,51
DA:940,51
DA:946,3
DA:947,3
DA:952,0
DA:953,0
DA:959,0
DA:960,0
DA:969,1
DA:970,0
DA:971,0
DA:974,1
DA:975,1
DA:976,1
DA:979,0
DA:980,0
DA:982,0
DA:984,0
DA:985,0
DA:988,0
DA:989,0
DA:992,0
DA:993,0
DA:996,0
DA:997,0
DA:1003,1
DA:1004,1
DA:1010,1
DA:1011,1
DA:1016,10
DA:1017,10
DA:1022,2
DA:1023,2
DA:1024,2
DA:1025,2
DA:1026,2
DA:1027,2
DA:1029,2
DA:1030,2
DA:1031,2
DA:1032,2
DA:1033,2
DA:1034,2
DA:1038,2
DA:1039,2
DA:1042,2
DA:1043,2
DA:1044,0
DA:1045,2
DA:1046,0
DA:1048,2
DA:1052,2
DA:1053,2
DA:1055,2
DA:1063,8
DA:1064,8
DA:1065,8
DA:1066,8
DA:1068,8
DA:1069,8
DA:1070,8
DA:1072,8
DA:1073,8
DA:1074,8
DA:1076,8
DA:1077,8
DA:1078,8
DA:1080,8
DA:1081,8
DA:1082,8
DA:1083,8
DA:1089,0
DA:1090,0
DA:1091,0
DA:1094,0
DA:1102,0
DA:1108,0
DA:1110,0
DA:1111,0
DA:1112,0
DA:1115,0
DA:1116,0
DA:1117,0
DA:1118,0
DA:1119,0
DA:1124,0
DA:1125,0
DA:1128,0
DA:1135,0
DA:1137,0
DA:1142,0
DA:1143,0
DA:1144,0
DA:1145,0
DA:1147,0
DA:1148,0
DA:1150,0
DA:1151,0
DA:1152,0
DA:1154,0
DA:1155,0
DA:1157,0
DA:1163,0
DA:1164,0
DA:1165,0
DA:1166,0
DA:1167,0
DA:1169,0
DA:1179,0
DA:1180,0
DA:1181,0
DA:1184,0
DA:1185,0
DA:1186,0
DA:1191,0
DA:1192,0
DA:1194,0
DA:1195,0
DA:1196,0
DA:1198,0
DA:1200,0
DA:1208,0
DA:1209,0
DA:1214,0
DA:1215,0
DA:1216,0
DA:1217,0
DA:1218,0
DA:1219,0
DA:1220,0
DA:1222,0
DA:1231,0
DA:1234,0
DA:1237,0
DA:1238,0
DA:1241,0
DA:1242,0
DA:1243,0
DA:1246,0
DA:1247,0
DA:1248,0
DA:1249,0
DA:1250,0
DA:1255,0
DA:1256,0
DA:1257,0
DA:1258,0
DA:1264,1
DA:1271,1
DA:1280,1
DA:1281,1
DA:1282,3
DA:1284,1
DA:1288,0
DA:1293,0
DA:1294,0
DA:1295,0
DA:1300,0
DA:1301,0
DA:1303,0
DA:1304,0
DA:1305,0
DA:1307,0
DA:1314,0
DA:1315,0
DA:1316,0
DA:1322,0
DA:1323,0
DA:1325,0
DA:1326,0
DA:1327,0
DA:1330,0
DA:1331,0
DA:1332,0
DA:1333,0
DA:1334,0
DA:1335,0
DA:1343,0
DA:1344,0
DA:1345,0
DA:1348,0
DA:1349,0
DA:1350,0
DA:1351,0
DA:1352,0
DA:1354,0
DA:1357,0
DA:1358,0
DA:1360,0
DA:1367,0
DA:1368,0
DA:1369,0
DA:1370,0
DA:1375,0
DA:1376,0
DA:1377,0
DA:1378,0
DA:1383,1
DA:1384,1
DA:1386,1
DA:1387,1
DA:1388,3
DA:1389,3
DA:1390,3
DA:1391,3
DA:1405,3
DA:1408,1
DA:1409,1
DA:1410,3
DA:1411,1
DA:1412,1
DA:1414,0
DA:1421,0
DA:1422,0
DA:1423,0
DA:1424,0
DA:1425,0
DA:1427,0
DA:1435,0
DA:1437,0
DA:1439,0
DA:1440,0
DA:1442,0
DA:1443,0
DA:1448,0
DA:1449,0
DA:1450,0
DA:1452,0
DA:1459,0
DA:1460,0
DA:1461,0
DA:1463,0
DA:1468,0
DA:1469,0
DA:1470,0
DA:1471,0
DA:1473,0
DA:1481,0
DA:1482,0
DA:1483,0
DA:1486,0
DA:1487,0
DA:1488,0
DA:1493,0
DA:1494,0
DA:1495,0
DA:1498,0
DA:1499,0
DA:1500,0
DA:1503,0
DA:1504,0
DA:1505,0
DA:1510,0
DA:1511,0
DA:1514,0
DA:1515,0
DA:1516,0
DA:1517,0
DA:1518,0
DA:1519,0
DA:1520,0
DA:1523,0
DA:1524,0
DA:1525,0
DA:1530,1
DA:1531,1
DA:1532,1
DA:1533,1
DA:1534,1
DA:1537,1
DA:1539,1
DA:1540,1
DA:1542,1
DA:1544,0
DA:1546,0
DA:1547,0
DA:1549,0
DA:1550,0
DA:1552,0
DA:1557,0
DA:1564,0
DA:1571,0
DA:1574,1
DA:1575,1
DA:1576,1
DA:1583,1
DA:1584,1
DA:1585,1
DA:1589,0
DA:1590,0
DA:1595,0
DA:1596,0
DA:1598,0
DA:1599,0
DA:1600,0
DA:1601,0
DA:1606,0
DA:1611,0
DA:1612,0
DA:1617,0
DA:1618,0
DA:1619,0
DA:1622,0
DA:1623,0
DA:1625,0
DA:1626,0
DA:1627,0
DA:1628,0
DA:1631,0
DA:1632,0
DA:1633,0
DA:1635,0
DA:1636,0
DA:1638,0
DA:1639,0
DA:1640,0
DA:1643,0
DA:1644,0
DA:1645,0
DA:1647,0
DA:1648,0
DA:1649,0
DA:1650,0
DA:1653,0
DA:1654,0
DA:1655,0
DA:1656,0
DA:1657,0
DA:1658,0
DA:1659,0
DA:1661,0
DA:1665,0
DA:1666,0
DA:1667,0
DA:1668,0
DA:1671,0
DA:1672,0
DA:1673,0
DA:1676,0
DA:1677,0
DA:1678,0
DA:1681,0
DA:1682,0
DA:1683,0
DA:1684,0
DA:1685,0
DA:1686,0
DA:1687,0
DA:1688,0
DA:1690,0
DA:1691,0
DA:1694,0
DA:1695,0
DA:1697,0
DA:1698,0
DA:1704,0
DA:1705,0
DA:1706,0
DA:1707,0
DA:1709,0
DA:1710,0
DA:1712,0
DA:1713,0
DA:1719,0
DA:1720,0
DA:1721,0
DA:1723,0
DA:1724,0
DA:1726,0
DA:1728,0
DA:1729,0
DA:1730,0
DA:1731,0
DA:1732,0
DA:1733,0
DA:1737,0
DA:1738,0
DA:1744,0
DA:1746,0
DA:1749,0
DA:1750,0
DA:1751,0
DA:1753,0
DA:1755,0
DA:1756,0
DA:1757,0
DA:1758,0
DA:1766,0
DA:1767,0
DA:1769,0
DA:1776,0
DA:1779,0
DA:1780,0
DA:1781,0
DA:1784,0
DA:1788,0
DA:1789,0
DA:1791,0
DA:1792,0
DA:1797,0
DA:1798,0
DA:1799,0
DA:1801,0
DA:1802,0
DA:1803,0
DA:1805,0
DA:1806,0
DA:1808,0
DA:1810,0
DA:1812,0
DA:1813,0
DA:1815,0
DA:1816,0
DA:1817,0
DA:1818,0
DA:1819,0
DA:1821,0
DA:1822,0
DA:1823,0
DA:1824,0
DA:1826,0
DA:1829,0
DA:1837,0
DA:1838,0
DA:1840,0
DA:1841,0
DA:1842,0
DA:1843,0
DA:1844,0
DA:1846,0
DA:1847,0
DA:1848,0
DA:1849,0
DA:1851,0
DA:1853,0
DA:1854,0
DA:1859,1
DA:1862,1
DA:1863,11
DA:1864,11
DA:1867,12
DA:1874,1
DA:1875,1
DA:1876,1
DA:1877,1
DA:1880,1
DA:1881,1
DA:1882,1
DA:1883,0
DA:1884,0
DA:1887,1
DA:1892,1
DA:1893,1
DA:1895,1
DA:1896,12
DA:1897,12
DA:1898,12
DA:1900,12
DA:1907,12
DA:1908,12
DA:1911,12
DA:1914,1
DA:1915,1
DA:1920,0
DA:1921,0
DA:1923,0
DA:1924,0
DA:1925,0
DA:1927,0
DA:1928,0
DA:1929,0
DA:1931,0
DA:1933,0
DA:1934,0
DA:1935,0
DA:1936,0
DA:1938,0
DA:1939,0
DA:1940,0
DA:1943,0
DA:1950,0
DA:1951,0
DA:1952,0
DA:1953,0
DA:1956,0
DA:1959,0
DA:1960,0
DA:1961,0
DA:1962,0
DA:1963,0
DA:1971,0
DA:1972,0
DA:1975,0
DA:1977,0
DA:1978,0
DA:1979,0
DA:1980,0
DA:1983,0
DA:1984,0
DA:1985,0
DA:1988,0
DA:1989,0
DA:1991,0
DA:1992,0
DA:1993,0
DA:1994,0
DA:1995,0
DA:1996,0
DA:1997,0
DA:1998,0
DA:1999,0
DA:2000,0
DA:2001,0
DA:2002,0
DA:2005,0
DA:2006,0
DA:2007,0
DA:2010,0
DA:2011,0
DA:2012,0
DA:2015,0
DA:2016,0
DA:2017,0
DA:2018,0
DA:2019,0
DA:2020,0
DA:2023,0
DA:2024,0
DA:2025,0
DA:2026,0
DA:2027,0
DA:2028,0
DA:2029,0
DA:2032,0
DA:2033,0
DA:2034,0
DA:2035,0
DA:2037,0
DA:2038,0
DA:2039,0
DA:2040,0
DA:2041,0
DA:2042,0
DA:2043,0
DA:2044,0
DA:2046,0
DA:2049,0
DA:2050,0
DA:2051,0
DA:2053,0
DA:2054,0
DA:2055,0
DA:2056,0
DA:2057,0
DA:2061,0
DA:2062,0
DA:2063,0
DA:2064,0
DA:2065,0
DA:2066,0
DA:2067,0
DA:2068,0
DA:2072,0
DA:2074,0
DA:2075,0
DA:2076,0
DA:2077,0
DA:2078,0
DA:2079,0
DA:2080,0
DA:2081,0
DA:2082,0
DA:2085,0
DA:2086,0
DA:2087,0
DA:2088,0
DA:2089,0
DA:2090,0
DA:2091,0
DA:2094,0
DA:2095,0
DA:2096,0
DA:2097,0
DA:2100,0
DA:2104,0
DA:2105,0
DA:2106,0
DA:2107,0
DA:2110,0
DA:2111,0
DA:2112,0
DA:2113,0
DA:2114,0
DA:2117,0
DA:2118,0
DA:2119,0
DA:2120,0
DA:2121,0
DA:2124,0
DA:2125,0
DA:2126,0
DA:2127,0
DA:2128,0
DA:2129,0
DA:2130,0
DA:2132,0
DA:2135,0
DA:2136,0
DA:2137,0
DA:2138,0
DA:2139,0
DA:2141,0
DA:2149,1
DA:2151,1
DA:2152,1
DA:2153,0
DA:2155,1
DA:2158,1
DA:2159,0
DA:2160,0
DA:2161,0
DA:2162,0
DA:2164,0
DA:2165,0
DA:2168,1
DA:2169,1
DA:2170,1
DA:2171,1
DA:2175,1
DA:2179,1
DA:2180,1
DA:2182,1
DA:2183,1
DA:2186,3
DA:2187,1
DA:2188,1
DA:2190,1
DA:2191,1
DA:2194,1
DA:2195,3
DA:2196,3
DA:2197,3
DA:2205,3
DA:2209,1
DA:2210,3
DA:2211,3
DA:2213,3
DA:2214,3
DA:2215,2
DA:2217,3
DA:2236,3
DA:2240,1
DA:2241,1
DA:2242,3
DA:2243,1
DA:2244,1
DA:2246,0
DA:2247,0
DA:2248,0
DA:2249,0
DA:2253,0
DA:2258,1
DA:2259,1
DA:2261,1
DA:2262,0
DA:2264,1
DA:2265,5
DA:2266,5
DA:2267,5
DA:2277,5
DA:2281,1
DA:2282,1
DA:2283,1
DA:2284,1
DA:2285,1
DA:2289,1
DA:2290,1
DA:2291,1
DA:2292,0
DA:2294,1
DA:2295,2
DA:2296,2
DA:2298,2
DA:2299,2
DA:2300,1
DA:2302,2
DA:2312,2
DA:2317,1
DA:2318,1
DA:2320,1
DA:2321,0
DA:2323,1
DA:2324,2
DA:2325,2
DA:2327,2
DA:2328,2
DA:2330,2
DA:2337,2
DA:2342,1
DA:2343,1
DA:2344,1
DA:2346,2
DA:2348,1
DA:2349,0
DA:2351,1
DA:2352,2
DA:2353,2
DA:2355,2
DA:2356,2
DA:2357,1
DA:2359,2
DA:2374,2
DA:2375,0
DA:2378,2
DA:2383,1
DA:2384,1
DA:2385,1
DA:2387,1
DA:2388,1
DA:2391,1
DA:2392,1
DA:2393,1
DA:2394,1
DA:2395,1
DA:2397,1
DA:2398,0
DA:2399,0
DA:2400,1
DA:2401,0
DA:2402,0
DA:2404,1
DA:2405,1
DA:2409,1
DA:2410,1
DA:2411,1
DA:2412,1
DA:2413,1
DA:2414,1
DA:2418,1
DA:2422,1
DA:2423,1
DA:2426,1
DA:2429,1
DA:2430,0
DA:2438,3
DA:2439,0
DA:2447,1
DA:2448,3
DA:2456,1
DA:2457,1
DA:2464,1
DA:2465,0
DA:2467,1
DA:2468,4
DA:2469,4
DA:2471,4
DA:2472,4
DA:2473,4
DA:2474,4
DA:2475,1
DA:2477,4
DA:2484,4
DA:2489,1
DA:2490,1
DA:2491,1
DA:2492,1
DA:2495,1
DA:2498,1
DA:2502,1
DA:2505,1
DA:2508,1
DA:2509,1
DA:2510,1
DA:2511,1
DA:2512,1
DA:2513,1
DA:2514,1
DA:2515,1
DA:2516,1
DA:2517,1
DA:2518,1
DA:2519,1
DA:2520,1
DA:2521,1
DA:2522,1
DA:2523,1
DA:2524,1
DA:2525,1
DA:2526,1
DA:2527,1
DA:2528,1
DA:2529,1
DA:2530,1
DA:2531,1
DA:2532,1
DA:2533,1
DA:2534,1
DA:2535,1
DA:2536,1
DA:2537,1
DA:2538,1
DA:2539,1
DA:2540,1
DA:2541,1
DA:2542,1
DA:2543,1
DA:2544,1
DA:2545,1
DA:2546,1
DA:2547,1
LF:1249
LH:576
BRDA:149,0,0,2
BRDA:149,0,1,0
BRDA:153,1,0,2
BRDA:153,1,1,0
BRDA:160,2,0,0
BRDA:160,2,1,1
BRDA:161,3,0,0
BRDA:161,3,1,1
BRDA:166,4,0,1
BRDA:166,4,1,1
BRDA:167,5,0,1
BRDA:167,5,1,1
BRDA:172,6,0,2
BRDA:172,6,1,0
BRDA:173,7,0,0
BRDA:173,7,1,2
BRDA:173,8,0,2
BRDA:173,8,1,2
BRDA:173,9,0,0
BRDA:173,9,1,0
BRDA:183,10,0,0
BRDA:183,10,1,19
BRDA:183,11,0,19
BRDA:183,11,1,0
BRDA:186,12,0,19
BRDA:186,12,1,0
BRDA:186,13,0,19
BRDA:186,13,1,0
BRDA:188,14,0,0
BRDA:188,14,1,0
BRDA:188,15,0,0
BRDA:188,15,1,0
BRDA:195,16,0,0
BRDA:195,16,1,4
BRDA:195,17,0,4
BRDA:195,17,1,0
BRDA:197,18,0,4
BRDA:197,18,1,0
BRDA:197,19,0,4
BRDA:197,19,1,0
BRDA:201,20,0,0
BRDA:201,20,1,38
BRDA:201,21,0,38
BRDA:201,21,1,0
BRDA:209,22,0,0
BRDA:209,22,1,14
BRDA:209,23,0,14
BRDA:209,23,1,0
BRDA:241,24,0,1
BRDA:241,24,1,0
BRDA:242,25,0,1
BRDA:242,25,1,1
BRDA:246,26,0,1
BRDA:246,26,1,1
BRDA:257,27,0,0
BRDA:257,27,1,1
BRDA:259,28,0,0
BRDA:259,28,1,1
BRDA:259,29,0,1
BRDA:259,29,1,0
BRDA:260,30,0,0
BRDA:260,30,1,1
BRDA:262,31,0,0
BRDA:262,31,1,1
BRDA:262,32,0,1
BRDA:262,32,1,0
BRDA:291,33,0,0
BRDA:291,33,1,0
BRDA:291,34,0,0
BRDA:291,34,1,0
BRDA:316,35,0,0
BRDA:316,35,1,0
BRDA:334,36,0,0
BRDA:334,36,1,0
BRDA:375,37,0,0
BRDA:375,37,1,1
BRDA:375,38,0,1
BRDA:375,38,1,1
BRDA:375,38,2,0
BRDA:386,39,0,1
BRDA:386,39,1,0
BRDA:386,40,0,1
BRDA:386,40,1,0
BRDA:386,40,2,0
BRDA:391,41,0,0
BRDA:391,41,1,0
BRDA:391,42,0,0
BRDA:391,42,1,0
BRDA:441,43,0,1
BRDA:441,43,1,0
BRDA:447,44,0,1
BRDA:447,44,1,8
BRDA:455,45,0,0
BRDA:455,45,1,1
BRDA:470,46,0,0
BRDA:470,46,1,1
BRDA:504,47,0,0
BRDA:504,47,1,0
BRDA:509,48,0,0
BRDA:509,48,1,0
BRDA:528,49,0,12
BRDA:528,49,1,0
BRDA:528,50,0,12
BRDA:528,50,1,12
BRDA:534,51,0,0
BRDA:534,51,1,6
BRDA:535,52,0,6
BRDA:535,52,1,4
BRDA:541,53,0,0
BRDA:541,53,1,1
BRDA:556,54,0,4
BRDA:556,54,1,1
BRDA:559,55,0,5
BRDA:559,55,1,5
BRDA:559,55,2,0
BRDA:562,56,0,3
BRDA:562,56,1,2
BRDA:562,57,0,5
BRDA:562,57,1,5
BRDA:579,58,0,384
BRDA:579,58,1,8836
BRDA:579,59,0,9220
BRDA:579,59,1,9220
BRDA:581,60,0,7112
BRDA:581,60,1,1724
BRDA:582,61,0,6680
BRDA:582,61,1,432
BRDA:582,62,0,7112
BRDA:582,62,1,7112
BRDA:589,63,0,158
BRDA:589,63,1,1998
BRDA:601,64,0,36
BRDA:601,64,1,170
BRDA:606,65,0,206
BRDA:606,65,1,198
BRDA:612,66,0,0
BRDA:612,66,1,1
BRDA:616,67,0,1
BRDA:616,67,1,0
BRDA:617,68,0,0
BRDA:617,68,1,1
BRDA:618,69,0,0
BRDA:618,69,1,1
BRDA:622,70,0,1
BRDA:622,70,1,0
BRDA:622,71,0,0
BRDA:622,71,1,1
BRDA:633,72,0,0
BRDA:633,72,1,0
BRDA:656,73,0,0
BRDA:656,73,1,0
BRDA:656,74,0,0
BRDA:656,74,1,0
BRDA:668,75,0,0
BRDA:668,75,1,0
BRDA:668,76,0,0
BRDA:668,76,1,0
BRDA:692,77,0,0
BRDA:692,77,1,0
BRDA:692,78,0,0
BRDA:692,78,1,0
BRDA:719,79,0,0
BRDA:719,79,1,0
BRDA:719,80,0,0
BRDA:719,80,1,0
BRDA:729,81,0,0
BRDA:729,81,1,0
BRDA:729,82,0,0
BRDA:729,82,1,0
BRDA:738,83,0,0
BRDA:738,83,1,0
BRDA:738,84,0,0
BRDA:738,84,1,0
BRDA:740,85,0,0
BRDA:740,85,1,0
BRDA:748,86,0,0
BRDA:748,86,1,0
BRDA:748,87,0,0
BRDA:748,87,1,0
BRDA:750,88,0,0
BRDA:750,88,1,0
BRDA:761,89,0,1
BRDA:761,89,1,1
BRDA:762,90,0,1
BRDA:762,90,1,1
BRDA:764,91,0,1
BRDA:764,91,1,1
BRDA:765,92,0,1
BRDA:765,92,1,1
BRDA:766,93,0,1
BRDA:766,93,1,1
BRDA:767,94,0,1
BRDA:767,94,1,1
BRDA:768,95,0,1
BRDA:768,95,1,1
BRDA:769,96,0,1
BRDA:769,96,1,1
BRDA:770,97,0,1
BRDA:770,97,1,1
BRDA:771,98,0,1
BRDA:771,98,1,1
BRDA:772,99,0,1
BRDA:772,99,1,1
BRDA:775,100,0,1
BRDA:775,100,1,1
BRDA:776,101,0,1
BRDA:776,101,1,0
BRDA:777,102,0,1
BRDA:777,102,1,1
BRDA:778,103,0,1
BRDA:778,103,1,1
BRDA:779,104,0,1
BRDA:779,104,1,1
BRDA:780,105,0,1
BRDA:780,105,1,1
BRDA:781,106,0,1
BRDA:781,106,1,1
BRDA:782,107,0,1
BRDA:782,107,1,1
BRDA:783,108,0,1
BRDA:783,108,1,1
BRDA:785,109,0,0
BRDA:785,109,1,1
BRDA:787,110,0,0
BRDA:787,110,1,0
BRDA:788,111,0,0
BRDA:788,111,1,0
BRDA:789,112,0,0
BRDA:789,112,1,0
BRDA:790,113,0,0
BRDA:790,113,1,0
BRDA:791,114,0,0
BRDA:791,114,1,0
BRDA:792,115,0,0
BRDA:792,115,1,0
BRDA:793,116,0,0
BRDA:793,116,1,0
BRDA:793,117,0,0
BRDA:793,117,1,0
BRDA:794,118,0,0
BRDA:794,118,1,0
BRDA:797,119,0,0
BRDA:797,119,1,1
BRDA:799,120,0,0
BRDA:799,120,1,0
BRDA:800,121,0,0
BRDA:800,121,1,0
BRDA:801,122,0,0
BRDA:801,122,1,0
BRDA:802,123,0,0
BRDA:802,123,1,0
BRDA:802,124,0,0
BRDA:802,124,1,0
BRDA:803,125,0,0
BRDA:803,125,1,0
BRDA:803,126,0,0
BRDA:803,126,1,0
BRDA:804,127,0,0
BRDA:804,127,1,0
BRDA:804,128,0,0
BRDA:804,128,1,0
BRDA:805,129,0,0
BRDA:805,129,1,0
BRDA:805,130,0,0
BRDA:805,130,1,0
BRDA:811,131,0,1
BRDA:811,131,1,0
BRDA:812,132,0,1
BRDA:812,132,1,0
BRDA:813,133,0,1
BRDA:813,133,1,0
BRDA:814,134,0,1
BRDA:814,134,1,0
BRDA:817,135,0,0
BRDA:817,135,1,0
BRDA:817,135,2,0
BRDA:822,136,0,0
BRDA:822,136,1,0
BRDA:831,137,0,0
BRDA:831,137,1,2
BRDA:834,138,0,0
BRDA:834,138,1,2
BRDA:840,139,0,0
BRDA:840,139,1,2
BRDA:843,140,0,2
BRDA:843,140,1,0
BRDA:853,141,0,0
BRDA:853,141,1,0
BRDA:862,142,0,0
BRDA:862,142,1,0
BRDA:877,143,0,0
BRDA:877,143,1,0
BRDA:901,144,0,2
BRDA:901,144,1,0
BRDA:946,145,0,3
BRDA:946,145,1,3
BRDA:946,145,2,1
BRDA:947,146,0,3
BRDA:947,146,1,1
BRDA:955,147,0,0
BRDA:955,147,1,0
BRDA:969,148,0,0
BRDA:969,148,1,1
BRDA:969,149,0,1
BRDA:969,149,1,1
BRDA:969,149,2,1
BRDA:974,150,0,1
BRDA:974,150,1,0
BRDA:980,151,0,0
BRDA:980,151,1,0
BRDA:984,152,0,0
BRDA:984,152,1,0
BRDA:988,153,0,0
BRDA:988,153,1,0
BRDA:988,153,2,0
BRDA:988,153,3,0
BRDA:989,154,0,0
BRDA:989,154,1,0
BRDA:989,155,0,0
BRDA:989,155,1,0
BRDA:989,155,2,0
BRDA:1003,156,0,0
BRDA:1003,156,1,1
BRDA:1006,157,0,1
BRDA:1006,157,1,1
BRDA:1016,158,0,10
BRDA:1016,158,1,0
BRDA:1029,159,0,2
BRDA:1029,159,1,0
BRDA:1029,160,0,2
BRDA:1029,160,1,1
BRDA:1030,161,0,2
BRDA:1030,161,1,0
BRDA:1032,162,0,2
BRDA:1032,162,1,0
BRDA:1038,163,0,2
BRDA:1038,163,1,0
BRDA:1039,164,0,2
BRDA:1039,164,1,1
BRDA:1042,165,0,2
BRDA:1042,165,1,0
BRDA:1043,166,0,0
BRDA:1043,166,1,2
BRDA:1045,167,0,0
BRDA:1045,167,1,2
BRDA:1052,168,0,0
BRDA:1052,168,1,2
BRDA:1143,169,0,0
BRDA:1143,169,1,0
BRDA:1192,170,0,0
BRDA:1192,170,1,0
BRDA:1196,171,0,0
BRDA:1196,171,1,0
BRDA:1198,172,0,0
BRDA:1198,172,1,0
BRDA:1237,173,0,0
BRDA:1237,173,1,0
BRDA:1288,174,0,0
BRDA:1288,174,1,0
BRDA:1295,175,0,0
BRDA:1295,175,1,0
BRDA:1301,176,0,0
BRDA:1301,176,1,0
BRDA:1304,177,0,0
BRDA:1304,177,1,0
BRDA:1325,178,0,0
BRDA:1325,178,1,0
BRDA:1326,179,0,0
BRDA:1326,179,1,0
BRDA:1333,180,0,0
BRDA:1333,180,1,0
BRDA:1334,181,0,0
BRDA:1334,181,1,0
BRDA:1337,182,0,0
BRDA:1337,182,1,0
BRDA:1338,183,0,0
BRDA:1338,183,1,0
BRDA:1339,184,0,0
BRDA:1339,184,1,0
BRDA:1340,185,0,0
BRDA:1340,185,1,0
BRDA:1341,186,0,0
BRDA:1341,186,1,0
BRDA:1345,187,0,0
BRDA:1345,187,1,0
BRDA:1352,188,0,0
BRDA:1352,188,1,0
BRDA:1375,189,0,0
BRDA:1375,189,1,0
BRDA:1377,190,0,0
BRDA:1377,190,1,0
BRDA:1384,191,0,0
BRDA:1384,191,1,1
BRDA:1395,192,0,0
BRDA:1395,192,1,3
BRDA:1399,193,0,0
BRDA:1399,193,1,3
BRDA:1402,194,0,0
BRDA:1402,194,1,3
BRDA:1409,195,0,1
BRDA:1409,195,1,0
BRDA:1411,196,0,1
BRDA:1411,196,1,0
BRDA:1450,197,0,0
BRDA:1450,197,1,0
BRDA:1499,198,0,0
BRDA:1499,198,1,0
BRDA:1516,199,0,0
BRDA:1516,199,1,0
BRDA:1516,200,0,0
BRDA:1516,200,1,0
BRDA:1542,201,0,0
BRDA:1542,201,1,1
BRDA:1544,202,0,0
BRDA:1544,202,1,0
BRDA:1546,203,0,0
BRDA:1546,203,1,0
BRDA:1546,204,0,0
BRDA:1546,204,1,0
BRDA:1574,205,0,1
BRDA:1574,205,1,0
BRDA:1575,206,0,1
BRDA:1575,206,1,0
BRDA:1576,207,0,1
BRDA:1576,207,1,0
BRDA:1589,208,0,0
BRDA:1589,208,1,0
BRDA:1590,209,0,0
BRDA:1590,209,1,0
BRDA:1590,209,2,0
BRDA:1598,210,0,0
BRDA:1598,210,1,0
BRDA:1599,211,0,0
BRDA:1599,211,1,0
BRDA:1600,212,0,0
BRDA:1600,212,1,0
BRDA:1601,213,0,0
BRDA:1601,213,1,0
BRDA:1606,214,0,0
BRDA:1606,214,1,0
BRDA:1606,215,0,0
BRDA:1606,215,1,0
BRDA:1612,216,0,0
BRDA:1612,216,1,0
BRDA:1617,217,0,0
BRDA:1617,217,1,0
BRDA:1623,218,0,0
BRDA:1623,218,1,0
BRDA:1633,219,0,0
BRDA:1633,219,1,0
BRDA:1643,220,0,0
BRDA:1643,220,1,0
BRDA:1643,220,2,0
BRDA:1657,221,0,0
BRDA:1657,221,1,0
BRDA:1658,222,0,0
BRDA:1658,222,1,0
BRDA:1667,223,0,0
BRDA:1667,223,1,0
BRDA:1668,224,0,0
BRDA:1668,224,1,0
BRDA:1672,225,0,0
BRDA:1672,225,1,0
BRDA:1672,226,0,0
BRDA:1672,226,1,0
BRDA:1673,227,0,0
BRDA:1673,227,1,0
BRDA:1673,228,0,0
BRDA:1673,228,1,0
BRDA:1685,229,0,0
BRDA:1685,229,1,0
BRDA:1687,230,0,0
BRDA:1687,230,1,0
BRDA:1704,231,0,0
BRDA:1704,231,1,0
BRDA:1721,232,0,0
BRDA:1721,232,1,0
BRDA:1726,233,0,0
BRDA:1726,233,1,0
BRDA:1726,234,0,0
BRDA:1726,234,1,0
BRDA:1730,235,0,0
BRDA:1730,235,1,0
BRDA:1730,236,0,0
BRDA:1730,236,1,0
BRDA:1737,237,0,0
BRDA:1737,237,1,0
BRDA:1749,238,0,0
BRDA:1749,238,1,0
BRDA:1749,239,0,0
BRDA:1749,239,1,0
BRDA:1749,239,2,0
BRDA:1753,240,0,0
BRDA:1753,240,1,0
BRDA:1756,241,0,0
BRDA:1756,241,1,0
BRDA:1756,242,0,0
BRDA:1756,242,1,0
BRDA:1779,243,0,0
BRDA:1779,243,1,0
BRDA:1779,244,0,0
BRDA:1779,244,1,0
BRDA:1810,245,0,0
BRDA:1810,245,1,0
BRDA:1897,246,0,0
BRDA:1897,246,1,12
BRDA:1897,247,0,0
BRDA:1897,247,1,12
BRDA:1907,248,0,12
BRDA:1907,248,1,0
BRDA:1907,249,0,12
BRDA:1907,249,1,12
BRDA:1907,249,2,12
BRDA:1921,250,0,0
BRDA:1921,250,1,0
BRDA:1921,251,0,0
BRDA:1921,251,1,0
BRDA:1921,251,2,0
BRDA:1921,251,3,0
BRDA:1927,252,0,0
BRDA:1927,252,1,0
BRDA:1931,253,0,0
BRDA:1931,253,1,0
BRDA:1938,254,0,0
BRDA:1938,254,1,0
BRDA:1972,255,0,0
BRDA:1972,255,1,0
BRDA:1978,256,0,0
BRDA:1978,256,1,0
BRDA:1991,257,0,0
BRDA:1991,257,1,0
BRDA:1994,258,0,0
BRDA:1994,258,1,0
BRDA:1997,259,0,0
BRDA:1997,259,1,0
BRDA:2000,260,0,0
BRDA:2000,260,1,0
BRDA:2005,261,0,0
BRDA:2005,261,1,0
BRDA:2007,262,0,0
BRDA:2007,262,1,0
BRDA:2051,263,0,0
BRDA:2051,263,1,0
BRDA:2061,264,0,0
BRDA:2061,264,1,0
BRDA:2138,265,0,0
BRDA:2138,265,1,0
BRDA:2152,266,0,0
BRDA:2152,266,1,1
BRDA:2158,267,0,0
BRDA:2158,267,1,1
BRDA:2164,268,0,0
BRDA:2164,268,1,0
BRDA:2175,269,0,0
BRDA:2175,269,1,1
BRDA:2188,270,0,1
BRDA:2188,270,1,0
BRDA:2199,271,0,0
BRDA:2199,271,1,3
BRDA:2201,272,0,0
BRDA:2201,272,1,3
BRDA:2202,273,0,0
BRDA:2202,273,1,3
BRDA:2211,274,0,0
BRDA:2211,274,1,3
BRDA:2214,275,0,1
BRDA:2214,275,1,2
BRDA:2215,276,0,1
BRDA:2215,276,1,1
BRDA:2220,277,0,0
BRDA:2220,277,1,3
BRDA:2226,278,0,0
BRDA:2226,278,1,3
BRDA:2243,279,0,1
BRDA:2243,279,1,0
BRDA:2261,280,0,0
BRDA:2261,280,1,1
BRDA:2291,281,0,0
BRDA:2291,281,1,1
BRDA:2299,282,0,1
BRDA:2299,282,1,1
BRDA:2300,283,0,0
BRDA:2300,283,1,1
BRDA:2320,284,0,0
BRDA:2320,284,1,1
BRDA:2348,285,0,0
BRDA:2348,285,1,1
BRDA:2356,286,0,1
BRDA:2356,286,1,1
BRDA:2357,287,0,0
BRDA:2357,287,1,1
BRDA:2397,288,0,0
BRDA:2397,288,1,1
BRDA:2400,289,0,0
BRDA:2400,289,1,1
BRDA:2464,290,0,0
BRDA:2464,290,1,1
BRDA:2472,291,0,0
BRDA:2472,291,1,4
BRDA:2473,292,0,0
BRDA:2473,292,1,4
BRDA:2474,293,0,3
BRDA:2474,293,1,1
BRDA:2475,294,0,1
BRDA:2475,294,1,0
BRDA:2489,295,0,0
BRDA:2489,295,1,1
BRDA:2490,296,0,0
BRDA:2490,296,1,1
BRDA:2491,297,0,0
BRDA:2491,297,1,1
BRDA:2492,298,0,0
BRDA:2492,298,1,1
BRDA:2498,299,0,0
BRDA:2498,299,1,1
BRDA:2508,300,0,1
BRDA:2508,300,1,0
BRF:617
BRH:213
end_of_record
