TN:
SF:app.js
FN:142,storageGet
FN:154,storageGetString
FN:160,storageSet
FN:168,storageSetString
FN:177,loadStateFromStorage
FN:200,init
FN:205,(anonymous_6)
FN:206,(anonymous_7)
FN:217,(anonymous_8)
FN:224,(anonymous_9)
FN:225,(anonymous_10)
FN:226,(anonymous_11)
FN:241,(anonymous_12)
FN:252,(anonymous_13)
FN:253,(anonymous_14)
FN:254,(anonymous_15)
FN:259,(anonymous_16)
FN:269,(anonymous_17)
FN:270,(anonymous_18)
FN:279,(anonymous_19)
FN:302,hydrateFromDatabase
FN:307,(anonymous_21)
FN:326,saveState
FN:346,switchTab
FN:348,(anonymous_24)
FN:355,(anonymous_25)
FN:372,setViewMode
FN:396,toggleNav
FN:400,openNav
FN:404,closeNav
FN:408,setNavOpen
FN:429,handleSaveParentSetup
FN:455,handleSaveChildSetup
FN:478,renderSetupForms
FN:528,renderProfileSummary
FN:540,(anonymous_35)
FN:561,populateEmergencyCountries
FN:566,(anonymous_37)
FN:567,(anonymous_38)
FN:576,getEmergencyNumbers
FN:582,handleEmergencyCountryChange
FN:599,detectEmergencyLocation
FN:614,(anonymous_42)
FN:618,(anonymous_43)
FN:626,(anonymous_44)
FN:633,applyEmergencyLocation
FN:646,telHref
FN:652,renderEmergencyNumbers
FN:691,(anonymous_48)
FN:719,triggerEmergency
FN:754,resolveEmergency
FN:772,playEmergencyBeep
FN:793,handleAddRoutine
FN:821,toggleRoutineComplete
FN:822,(anonymous_54)
FN:844,handleAddVital
FN:865,(anonymous_56)
FN:885,deleteVital
FN:893,handleAddEvent
FN:910,(anonymous_59)
FN:920,handleAddNote
FN:940,handleVaultUpload
FN:965,handleRadiusChange
FN:982,moveParentLocation
FN:1002,checkGeofenceStatus
FN:1061,getSpeechRecognitionCtor
FN:1067,setDictationUI
FN:1083,logVoiceFeed
FN:1089,toggleVoiceDictation
FN:1120,(anonymous_69)
FN:1126,(anonymous_70)
FN:1144,(anonymous_71)
FN:1154,(anonymous_72)
FN:1176,stopVoiceDictation
FN:1191,triggerVoiceCommandSim
FN:1202,(anonymous_75)
FN:1269,setIoTMode
FN:1331,initMemoryGame
FN:1340,(anonymous_78)
FN:1355,(anonymous_79)
FN:1364,renderMemoryGame
FN:1368,(anonymous_81)
FN:1381,(anonymous_82)
FN:1392,handleMemoryFlip
FN:1393,(anonymous_84)
FN:1423,(anonymous_85)
FN:1432,(anonymous_86)
FN:1443,renderVitalsChart
FN:1465,(anonymous_88)
FN:1468,(anonymous_89)
FN:1471,(anonymous_90)
FN:1474,(anonymous_91)
FN:1536,(anonymous_92)
FN:1547,(anonymous_93)
FN:1558,(anonymous_94)
FN:1567,(anonymous_95)
FN:1609,(anonymous_96)
FN:1620,updateUI
FN:1659,(anonymous_98)
FN:1667,(anonymous_99)
FN:1682,(anonymous_100)
FN:1715,(anonymous_101)
FN:1719,(anonymous_102)
FN:1737,(anonymous_103)
FN:1767,(anonymous_104)
FN:1796,(anonymous_105)
FN:1819,(anonymous_106)
FN:1824,(anonymous_107)
FN:1847,(anonymous_108)
FN:1884,(anonymous_109)
FN:1902,(anonymous_110)
FN:1911,(anonymous_111)
FN:1911,(anonymous_112)
FN:1920,(anonymous_113)
FN:1929,(anonymous_114)
FN:1940,(anonymous_115)
FNF:116
FNH:114
FNDA:546,storageGet
FNDA:78,storageGetString
FNDA:1764,storageSet
FNDA:252,storageSetString
FNDA:39,loadStateFromStorage
FNDA:37,init
FNDA:333,(anonymous_6)
FNDA:3,(anonymous_7)
FNDA:48,(anonymous_8)
FNDA:1,(anonymous_9)
FNDA:2,(anonymous_10)
FNDA:1,(anonymous_11)
FNDA:2,(anonymous_12)
FNDA:1,(anonymous_13)
FNDA:1,(anonymous_14)
FNDA:1,(anonymous_15)
FNDA:2,(anonymous_16)
FNDA:1,(anonymous_17)
FNDA:1,(anonymous_18)
FNDA:0,(anonymous_19)
FNDA:40,hydrateFromDatabase
FNDA:4,(anonymous_21)
FNDA:126,saveState
FNDA:41,switchTab
FNDA:369,(anonymous_24)
FNDA:369,(anonymous_25)
FNDA:44,setViewMode
FNDA:2,toggleNav
FNDA:4,openNav
FNDA:6,closeNav
FNDA:12,setNavOpen
FNDA:1,handleSaveParentSetup
FNDA:1,handleSaveChildSetup
FNDA:41,renderSetupForms
FNDA:82,renderProfileSummary
FNDA:42,(anonymous_35)
FNDA:37,populateEmergencyCountries
FNDA:8288,(anonymous_37)
FNDA:1887,(anonymous_38)
FNDA:128,getEmergencyNumbers
FNDA:1,handleEmergencyCountryChange
FNDA:43,detectEmergencyLocation
FNDA:7,(anonymous_42)
FNDA:5,(anonymous_43)
FNDA:3,(anonymous_44)
FNDA:42,applyEmergencyLocation
FNDA:420,telHref
FNDA:84,renderEmergencyNumbers
FNDA:336,(anonymous_48)
FNDA:6,triggerEmergency
FNDA:1,resolveEmergency
FNDA:7,playEmergencyBeep
FNDA:1,handleAddRoutine
FNDA:3,toggleRoutineComplete
FNDA:5,(anonymous_54)
FNDA:2,handleAddVital
FNDA:15,(anonymous_56)
FNDA:1,deleteVital
FNDA:1,handleAddEvent
FNDA:2,(anonymous_59)
FNDA:2,handleAddNote
FNDA:1,handleVaultUpload
FNDA:1,handleRadiusChange
FNDA:4,moveParentLocation
FNDA:44,checkGeofenceStatus
FNDA:3,getSpeechRecognitionCtor
FNDA:7,setDictationUI
FNDA:4,logVoiceFeed
FNDA:4,toggleVoiceDictation
FNDA:2,(anonymous_69)
FNDA:2,(anonymous_70)
FNDA:1,(anonymous_71)
FNDA:1,(anonymous_72)
FNDA:1,stopVoiceDictation
FNDA:11,triggerVoiceCommandSim
FNDA:9,(anonymous_75)
FNDA:2,setIoTMode
FNDA:38,initMemoryGame
FNDA:456,(anonymous_78)
FNDA:1,(anonymous_79)
FNDA:62,renderMemoryGame
FNDA:744,(anonymous_81)
FNDA:0,(anonymous_82)
FNDA:17,handleMemoryFlip
FNDA:92,(anonymous_84)
FNDA:1,(anonymous_85)
FNDA:1,(anonymous_86)
FNDA:9,renderVitalsChart
FNDA:28,(anonymous_88)
FNDA:2,(anonymous_89)
FNDA:2,(anonymous_90)
FNDA:2,(anonymous_91)
FNDA:34,(anonymous_92)
FNDA:34,(anonymous_93)
FNDA:1,(anonymous_94)
FNDA:1,(anonymous_95)
FNDA:32,(anonymous_96)
FNDA:83,updateUI
FNDA:241,(anonymous_98)
FNDA:240,(anonymous_99)
FNDA:241,(anonymous_100)
FNDA:241,(anonymous_101)
FNDA:30,(anonymous_102)
FNDA:383,(anonymous_103)
FNDA:152,(anonymous_104)
FNDA:198,(anonymous_105)
FNDA:164,(anonymous_106)
FNDA:163,(anonymous_107)
FNDA:1,(anonymous_108)
FNDA:83,(anonymous_109)
FNDA:19,(anonymous_110)
FNDA:241,(anonymous_111)
FNDA:30,(anonymous_112)
FNDA:223,(anonymous_113)
FNDA:83,(anonymous_114)
FNDA:355,(anonymous_115)
DA:4,37
DA:41,37
DA:47,37
DA:55,37
DA:60,37
DA:65,37
DA:71,37
DA:126,37
DA:131,37
DA:143,546
DA:144,490
DA:145,490
DA:146,490
DA:147,28
DA:148,27
DA:150,1
DA:155,78
DA:156,70
DA:157,70
DA:161,1764
DA:162,112
DA:163,112
DA:165,1652
DA:169,252
DA:170,16
DA:171,16
DA:173,236
DA:178,39
DA:179,39
DA:180,39
DA:181,39
DA:182,39
DA:183,39
DA:184,39
DA:185,39
DA:186,39
DA:187,39
DA:188,39
DA:191,39
DA:192,39
DA:193,39
DA:194,39
DA:195,39
DA:196,39
DA:202,37
DA:205,37
DA:206,333
DA:207,3
DA:208,3
DA:209,3
DA:214,37
DA:215,37
DA:216,37
DA:217,37
DA:218,48
DA:219,1
DA:224,37
DA:225,37
DA:226,37
DA:229,37
DA:230,37
DA:231,37
DA:234,37
DA:235,37
DA:236,37
DA:237,37
DA:238,37
DA:241,37
DA:242,2
DA:243,2
DA:247,37
DA:248,37
DA:249,37
DA:250,37
DA:252,37
DA:253,37
DA:254,37
DA:257,37
DA:258,37
DA:259,37
DA:260,2
DA:261,1
DA:266,37
DA:269,37
DA:270,37
DA:273,37
DA:274,37
DA:277,37
DA:278,37
DA:279,37
DA:282,37
DA:283,37
DA:284,37
DA:285,37
DA:286,37
DA:287,37
DA:288,37
DA:291,37
DA:292,37
DA:293,2
DA:295,37
DA:298,37
DA:303,40
DA:304,36
DA:307,4
DA:308,4
DA:309,2
DA:310,2
DA:312,2
DA:313,2
DA:314,2
DA:315,2
DA:316,2
DA:317,2
DA:318,2
DA:319,2
DA:320,2
DA:321,2
DA:327,126
DA:328,126
DA:329,126
DA:330,126
DA:331,126
DA:332,126
DA:333,126
DA:334,126
DA:335,126
DA:336,126
DA:337,126
DA:338,126
DA:339,126
DA:340,126
DA:341,126
DA:342,126
DA:347,41
DA:348,369
DA:349,41
DA:350,41
DA:351,40
DA:355,41
DA:356,369
DA:357,40
DA:359,329
DA:364,41
DA:365,1
DA:368,41
DA:373,44
DA:374,44
DA:375,44
DA:376,44
DA:377,44
DA:379,44
DA:380,6
DA:381,6
DA:382,6
DA:383,6
DA:385,38
DA:386,38
DA:387,38
DA:388,38
DA:390,44
DA:397,2
DA:401,4
DA:405,6
DA:409,12
DA:410,12
DA:411,12
DA:413,12
DA:414,5
DA:415,5
DA:416,5
DA:417,5
DA:418,5
DA:420,7
DA:421,7
DA:422,7
DA:430,1
DA:432,1
DA:445,1
DA:446,1
DA:447,1
DA:449,1
DA:450,1
DA:456,1
DA:458,1
DA:472,1
DA:473,1
DA:474,1
DA:479,41
DA:480,41
DA:482,41
DA:483,41
DA:484,41
DA:485,41
DA:486,41
DA:487,41
DA:488,41
DA:489,41
DA:490,41
DA:491,41
DA:493,41
DA:494,41
DA:495,41
DA:496,41
DA:497,41
DA:498,41
DA:499,41
DA:500,41
DA:501,41
DA:503,41
DA:515,41
DA:529,82
DA:530,82
DA:532,82
DA:533,77
DA:534,77
DA:535,77
DA:536,77
DA:537,77
DA:540,5
DA:541,42
DA:542,42
DA:544,42
DA:545,42
DA:546,42
DA:548,42
DA:549,42
DA:550,42
DA:552,42
DA:553,42
DA:554,42
DA:562,37
DA:563,37
DA:565,37
DA:566,8288
DA:568,1887
DA:569,1887
DA:570,1887
DA:571,1887
DA:577,128
DA:578,128
DA:583,1
DA:584,1
DA:590,1
DA:591,1
DA:600,43
DA:601,1
DA:602,1
DA:605,42
DA:606,34
DA:607,34
DA:610,8
DA:611,8
DA:613,8
DA:615,7
DA:616,5
DA:619,5
DA:620,5
DA:623,5
DA:624,5
DA:627,3
DA:628,3
DA:634,42
DA:635,42
DA:641,42
DA:642,42
DA:647,420
DA:648,420
DA:653,84
DA:654,84
DA:655,84
DA:656,84
DA:657,84
DA:658,84
DA:660,84
DA:661,84
DA:662,84
DA:663,84
DA:664,84
DA:665,84
DA:669,84
DA:670,84
DA:673,84
DA:674,84
DA:675,3
DA:676,81
DA:677,5
DA:679,76
DA:683,84
DA:684,84
DA:686,84
DA:694,336
DA:695,336
DA:696,336
DA:697,336
DA:699,336
DA:700,336
DA:701,336
DA:703,336
DA:704,336
DA:705,336
DA:707,336
DA:708,336
DA:709,336
DA:711,336
DA:712,336
DA:713,336
DA:714,336
DA:720,6
DA:721,6
DA:722,6
DA:725,6
DA:733,6
DA:739,6
DA:741,6
DA:742,6
DA:743,6
DA:746,6
DA:747,6
DA:748,6
DA:749,6
DA:750,6
DA:755,1
DA:756,1
DA:759,1
DA:766,1
DA:768,1
DA:773,7
DA:774,7
DA:775,6
DA:776,6
DA:778,6
DA:779,6
DA:781,6
DA:782,6
DA:783,6
DA:785,6
DA:786,6
DA:788,1
DA:794,1
DA:795,1
DA:796,1
DA:797,1
DA:798,1
DA:800,1
DA:810,1
DA:811,1
DA:812,1
DA:815,1
DA:816,1
DA:817,1
DA:822,5
DA:823,3
DA:825,2
DA:826,2
DA:827,2
DA:829,2
DA:831,1
DA:839,2
DA:840,2
DA:845,2
DA:846,2
DA:847,2
DA:848,2
DA:849,2
DA:850,2
DA:851,2
DA:853,2
DA:862,2
DA:865,15
DA:868,2
DA:869,1
DA:872,2
DA:873,2
DA:874,2
DA:877,2
DA:878,2
DA:879,2
DA:880,2
DA:881,2
DA:886,1
DA:887,1
DA:888,1
DA:889,1
DA:894,1
DA:895,1
DA:896,1
DA:897,1
DA:898,1
DA:900,1
DA:908,1
DA:910,2
DA:912,1
DA:913,1
DA:915,1
DA:916,1
DA:921,2
DA:922,2
DA:923,2
DA:925,2
DA:932,2
DA:933,2
DA:934,2
DA:936,2
DA:941,1
DA:942,1
DA:943,1
DA:944,1
DA:946,1
DA:954,1
DA:955,1
DA:956,1
DA:959,1
DA:960,1
DA:961,1
DA:966,1
DA:967,1
DA:968,1
DA:971,1
DA:972,1
DA:973,1
DA:976,1
DA:977,1
DA:978,1
DA:983,4
DA:984,4
DA:987,4
DA:988,4
DA:989,4
DA:990,4
DA:991,4
DA:992,4
DA:993,4
DA:996,4
DA:997,4
DA:998,4
DA:1003,44
DA:1004,44
DA:1005,44
DA:1006,44
DA:1007,44
DA:1010,44
DA:1012,44
DA:1013,44
DA:1015,44
DA:1017,1
DA:1019,1
DA:1020,1
DA:1022,1
DA:1023,1
DA:1025,1
DA:1030,1
DA:1037,1
DA:1044,1
DA:1047,43
DA:1048,43
DA:1049,42
DA:1056,37
DA:1057,37
DA:1058,37
DA:1062,3
DA:1063,3
DA:1068,7
DA:1069,7
DA:1071,7
DA:1072,7
DA:1073,7
DA:1074,7
DA:1079,7
DA:1084,4
DA:1085,4
DA:1090,4
DA:1091,1
DA:1092,1
DA:1095,3
DA:1096,3
DA:1098,1
DA:1099,1
DA:1100,1
DA:1101,1
DA:1104,2
DA:1105,2
DA:1106,2
DA:1108,2
DA:1109,2
DA:1111,0
DA:1112,0
DA:1113,0
DA:1116,2
DA:1117,2
DA:1118,2
DA:1120,2
DA:1121,2
DA:1122,2
DA:1123,2
DA:1126,2
DA:1127,2
DA:1128,2
DA:1129,2
DA:1130,2
DA:1131,2
DA:1132,1
DA:1134,1
DA:1138,2
DA:1139,2
DA:1140,2
DA:1141,2
DA:1144,2
DA:1145,1
DA:1146,1
DA:1149,1
DA:1150,1
DA:1151,1
DA:1154,2
DA:1155,1
DA:1156,1
DA:1157,1
DA:1158,1
DA:1159,1
DA:1160,1
DA:1161,1
DA:1163,1
DA:1164,1
DA:1167,2
DA:1168,2
DA:1170,0
DA:1171,0
DA:1177,1
DA:1178,0
DA:1179,0
DA:1180,0
DA:1182,1
DA:1183,1
DA:1185,0
DA:1186,0
DA:1192,11
DA:1193,11
DA:1194,11
DA:1196,10
DA:1197,10
DA:1199,10
DA:1201,3
DA:1202,3
DA:1203,9
DA:1204,2
DA:1205,2
DA:1206,2
DA:1210,3
DA:1211,2
DA:1217,2
DA:1219,1
DA:1222,7
DA:1223,3
DA:1224,3
DA:1226,4
DA:1228,2
DA:1229,2
DA:1230,1
DA:1231,1
DA:1239,1
DA:1240,1
DA:1242,1
DA:1249,1
DA:1252,2
DA:1253,1
DA:1254,1
DA:1257,1
DA:1261,10
DA:1262,10
DA:1264,10
DA:1265,10
DA:1270,2
DA:1271,2
DA:1272,2
DA:1274,2
DA:1275,2
DA:1276,2
DA:1278,2
DA:1279,2
DA:1281,2
DA:1283,2
DA:1285,1
DA:1286,1
DA:1288,1
DA:1289,1
DA:1290,1
DA:1291,1
DA:1292,1
DA:1294,1
DA:1295,1
DA:1296,1
DA:1297,1
DA:1299,1
DA:1302,1
DA:1310,1
DA:1311,1
DA:1313,1
DA:1314,1
DA:1315,1
DA:1316,1
DA:1317,1
DA:1319,1
DA:1320,1
DA:1321,1
DA:1322,1
DA:1324,1
DA:1326,2
DA:1327,2
DA:1332,38
DA:1335,38
DA:1336,418
DA:1337,418
DA:1340,456
DA:1347,38
DA:1348,38
DA:1349,38
DA:1350,38
DA:1353,38
DA:1354,38
DA:1355,38
DA:1356,1
DA:1357,1
DA:1360,38
DA:1365,62
DA:1366,62
DA:1368,62
DA:1369,744
DA:1370,744
DA:1371,744
DA:1373,744
DA:1380,744
DA:1381,566
DA:1384,744
DA:1387,62
DA:1388,62
DA:1393,92
DA:1394,17
DA:1396,16
DA:1397,16
DA:1398,16
DA:1400,16
DA:1401,8
DA:1402,8
DA:1404,8
DA:1406,7
DA:1407,7
DA:1408,7
DA:1409,7
DA:1411,7
DA:1412,1
DA:1413,1
DA:1416,1
DA:1423,1
DA:1424,1
DA:1425,1
DA:1426,1
DA:1429,7
DA:1432,1
DA:1433,1
DA:1434,1
DA:1435,1
DA:1436,1
DA:1444,9
DA:1445,9
DA:1448,9
DA:1450,9
DA:1451,9
DA:1452,1
DA:1453,1
DA:1456,8
DA:1457,8
DA:1458,8
DA:1461,8
DA:1462,8
DA:1464,8
DA:1465,28
DA:1466,5
DA:1467,3
DA:1468,2
DA:1469,1
DA:1470,2
DA:1471,2
DA:1472,1
DA:1473,1
DA:1474,2
DA:1475,1
DA:1478,8
DA:1479,8
DA:1480,8
DA:1483,8
DA:1484,8
DA:1485,8
DA:1488,8
DA:1489,8
DA:1490,8
DA:1491,8
DA:1492,8
DA:1493,8
DA:1496,8
DA:1497,8
DA:1498,8
DA:1499,8
DA:1500,8
DA:1501,8
DA:1502,8
DA:1505,8
DA:1506,8
DA:1507,8
DA:1508,8
DA:1510,8
DA:1511,32
DA:1512,32
DA:1513,32
DA:1514,32
DA:1515,32
DA:1516,32
DA:1517,32
DA:1519,8
DA:1522,8
DA:1523,8
DA:1524,8
DA:1526,8
DA:1527,34
DA:1528,34
DA:1529,34
DA:1530,34
DA:1534,8
DA:1535,8
DA:1536,34
DA:1537,8
DA:1538,8
DA:1539,8
DA:1540,8
DA:1541,8
DA:1545,8
DA:1547,8
DA:1548,34
DA:1549,34
DA:1550,34
DA:1551,34
DA:1552,34
DA:1553,34
DA:1554,34
DA:1555,34
DA:1558,34
DA:1559,1
DA:1560,1
DA:1561,1
DA:1562,1
DA:1563,1
DA:1564,1
DA:1567,34
DA:1568,1
DA:1569,1
DA:1570,1
DA:1573,34
DA:1577,8
DA:1578,8
DA:1579,8
DA:1580,8
DA:1583,8
DA:1584,8
DA:1585,8
DA:1586,8
DA:1587,8
DA:1590,8
DA:1591,8
DA:1592,8
DA:1593,8
DA:1594,8
DA:1597,8
DA:1598,8
DA:1599,8
DA:1600,8
DA:1601,8
DA:1602,8
DA:1603,8
DA:1605,8
DA:1608,8
DA:1609,8
DA:1610,32
DA:1611,32
DA:1612,8
DA:1614,24
DA:1622,83
DA:1624,83
DA:1625,83
DA:1626,2
DA:1628,81
DA:1631,83
DA:1632,15
DA:1633,15
DA:1634,15
DA:1635,15
DA:1637,15
DA:1638,15
DA:1641,68
DA:1642,68
DA:1643,68
DA:1644,68
DA:1648,83
DA:1652,83
DA:1653,83
DA:1655,83
DA:1656,83
DA:1659,241
DA:1660,83
DA:1661,83
DA:1663,83
DA:1664,83
DA:1667,83
DA:1668,240
DA:1669,240
DA:1670,240
DA:1678,240
DA:1682,83
DA:1683,241
DA:1684,241
DA:1686,241
DA:1687,241
DA:1688,159
DA:1690,241
DA:1709,241
DA:1713,83
DA:1714,83
DA:1715,241
DA:1716,83
DA:1717,71
DA:1719,12
DA:1720,30
DA:1721,30
DA:1722,30
DA:1726,30
DA:1731,83
DA:1732,83
DA:1734,83
DA:1735,8
DA:1737,75
DA:1738,383
DA:1739,383
DA:1740,383
DA:1750,383
DA:1754,75
DA:1755,75
DA:1756,75
DA:1757,75
DA:1758,75
DA:1762,83
DA:1763,83
DA:1764,83
DA:1765,7
DA:1767,76
DA:1768,152
DA:1769,152
DA:1771,152
DA:1772,152
DA:1773,77
DA:1775,152
DA:1785,152
DA:1790,83
DA:1791,83
DA:1793,83
DA:1794,4
DA:1796,79
DA:1797,198
DA:1798,198
DA:1800,198
DA:1801,198
DA:1803,198
DA:1810,198
DA:1815,83
DA:1816,83
DA:1817,83
DA:1819,164
DA:1821,83
DA:1822,1
DA:1824,82
DA:1825,163
DA:1826,163
DA:1828,163
DA:1829,163
DA:1830,86
DA:1832,163
DA:1847,163
DA:1848,1
DA:1851,163
DA:1856,83
DA:1857,83
DA:1858,83
DA:1860,83
DA:1861,83
DA:1864,83
DA:1865,83
DA:1866,83
DA:1867,83
DA:1868,83
DA:1870,83
DA:1871,1
DA:1872,1
DA:1873,82
DA:1874,1
DA:1875,1
DA:1877,81
DA:1878,81
DA:1882,83
DA:1883,83
DA:1884,83
DA:1885,83
DA:1886,83
DA:1887,83
DA:1891,83
DA:1895,83
DA:1896,83
DA:1899,83
DA:1902,83
DA:1903,19
DA:1911,241
DA:1912,30
DA:1920,83
DA:1921,223
DA:1929,83
DA:1930,83
DA:1937,83
DA:1938,1
DA:1940,82
DA:1941,355
DA:1942,355
DA:1944,355
DA:1945,355
DA:1946,336
DA:1947,306
DA:1948,83
DA:1950,355
DA:1957,355
DA:1962,83
DA:1963,83
DA:1964,83
DA:1965,83
DA:1969,37
DA:1972,37
DA:1975,37
DA:1976,37
DA:1977,37
DA:1978,37
DA:1979,37
DA:1980,37
DA:1981,37
DA:1982,37
DA:1983,37
DA:1984,37
DA:1985,37
DA:1986,37
DA:1987,37
DA:1988,37
DA:1989,37
DA:1990,37
DA:1991,37
DA:1992,37
DA:1993,37
DA:1994,37
DA:1995,37
DA:1996,37
DA:1997,37
DA:1998,37
DA:1999,37
LF:965
LH:955
BRDA:143,0,0,56
BRDA:143,0,1,490
BRDA:143,1,0,546
BRDA:143,1,1,56
BRDA:146,2,0,462
BRDA:146,2,1,28
BRDA:146,3,0,490
BRDA:146,3,1,28
BRDA:148,4,0,0
BRDA:148,4,1,27
BRDA:148,5,0,27
BRDA:148,5,1,27
BRDA:155,6,0,8
BRDA:155,6,1,70
BRDA:155,7,0,78
BRDA:155,7,1,8
BRDA:157,8,0,66
BRDA:157,8,1,4
BRDA:157,9,0,70
BRDA:157,9,1,4
BRDA:161,10,0,112
BRDA:161,10,1,1652
BRDA:161,11,0,1764
BRDA:161,11,1,112
BRDA:169,12,0,16
BRDA:169,12,1,236
BRDA:169,13,0,252
BRDA:169,13,1,16
BRDA:218,14,0,1
BRDA:218,14,1,47
BRDA:218,15,0,48
BRDA:218,15,1,24
BRDA:242,16,0,1
BRDA:242,16,1,1
BRDA:260,17,0,1
BRDA:260,17,1,1
BRDA:292,18,0,2
BRDA:292,18,1,35
BRDA:292,19,0,37
BRDA:292,19,1,37
BRDA:292,19,2,2
BRDA:303,20,0,36
BRDA:303,20,1,4
BRDA:303,21,0,40
BRDA:303,21,1,4
BRDA:303,21,2,4
BRDA:308,22,0,2
BRDA:308,22,1,2
BRDA:308,23,0,4
BRDA:308,23,1,4
BRDA:350,24,0,40
BRDA:350,24,1,1
BRDA:356,25,0,40
BRDA:356,25,1,329
BRDA:364,26,0,1
BRDA:364,26,1,40
BRDA:379,27,0,6
BRDA:379,27,1,38
BRDA:413,28,0,5
BRDA:413,28,1,7
BRDA:418,29,0,5
BRDA:418,29,1,0
BRDA:449,30,0,1
BRDA:449,30,1,0
BRDA:449,31,0,1
BRDA:449,31,1,1
BRDA:479,32,0,41
BRDA:479,32,1,0
BRDA:480,33,0,41
BRDA:480,33,1,0
BRDA:482,34,0,41
BRDA:482,34,1,39
BRDA:483,35,0,41
BRDA:483,35,1,40
BRDA:484,36,0,41
BRDA:484,36,1,40
BRDA:485,37,0,41
BRDA:485,37,1,40
BRDA:486,38,0,41
BRDA:486,38,1,40
BRDA:487,39,0,41
BRDA:487,39,1,40
BRDA:488,40,0,41
BRDA:488,40,1,40
BRDA:489,41,0,41
BRDA:489,41,1,40
BRDA:490,42,0,41
BRDA:490,42,1,40
BRDA:493,43,0,41
BRDA:493,43,1,38
BRDA:494,44,0,41
BRDA:494,44,1,0
BRDA:495,45,0,41
BRDA:495,45,1,39
BRDA:496,46,0,41
BRDA:496,46,1,39
BRDA:497,47,0,41
BRDA:497,47,1,39
BRDA:498,48,0,41
BRDA:498,48,1,39
BRDA:499,49,0,41
BRDA:499,49,1,41
BRDA:500,50,0,41
BRDA:500,50,1,41
BRDA:501,51,0,41
BRDA:501,51,1,41
BRDA:503,52,0,2
BRDA:503,52,1,39
BRDA:505,53,0,2
BRDA:505,53,1,1
BRDA:506,54,0,2
BRDA:506,54,1,1
BRDA:507,55,0,2
BRDA:507,55,1,1
BRDA:508,56,0,2
BRDA:508,56,1,1
BRDA:509,57,0,2
BRDA:509,57,1,1
BRDA:510,58,0,2
BRDA:510,58,1,1
BRDA:511,59,0,1
BRDA:511,59,1,1
BRDA:511,60,0,1
BRDA:511,60,1,0
BRDA:512,61,0,1
BRDA:512,61,1,1
BRDA:515,62,0,3
BRDA:515,62,1,38
BRDA:517,63,0,3
BRDA:517,63,1,0
BRDA:518,64,0,3
BRDA:518,64,1,1
BRDA:519,65,0,3
BRDA:519,65,1,1
BRDA:520,66,0,2
BRDA:520,66,1,1
BRDA:520,67,0,2
BRDA:520,67,1,0
BRDA:521,68,0,2
BRDA:521,68,1,1
BRDA:521,69,0,3
BRDA:521,69,1,3
BRDA:522,70,0,1
BRDA:522,70,1,2
BRDA:522,71,0,3
BRDA:522,71,1,3
BRDA:523,72,0,3
BRDA:523,72,1,0
BRDA:523,73,0,3
BRDA:523,73,1,3
BRDA:532,74,0,77
BRDA:532,74,1,5
BRDA:577,75,0,128
BRDA:577,75,1,128
BRDA:577,75,2,36
BRDA:578,76,0,128
BRDA:578,76,1,36
BRDA:586,77,0,1
BRDA:586,77,1,0
BRDA:600,78,0,1
BRDA:600,78,1,42
BRDA:600,79,0,43
BRDA:600,79,1,38
BRDA:600,79,2,38
BRDA:605,80,0,34
BRDA:605,80,1,8
BRDA:611,81,0,8
BRDA:611,81,1,0
BRDA:615,82,0,2
BRDA:615,82,1,5
BRDA:619,83,0,5
BRDA:619,83,1,5
BRDA:619,83,2,0
BRDA:619,83,3,0
BRDA:620,84,0,5
BRDA:620,84,1,5
BRDA:620,85,0,5
BRDA:620,85,1,5
BRDA:620,85,2,1
BRDA:634,86,0,4
BRDA:634,86,1,38
BRDA:637,87,0,42
BRDA:637,87,1,38
BRDA:647,88,0,420
BRDA:647,88,1,0
BRDA:660,89,0,84
BRDA:660,89,1,0
BRDA:660,90,0,84
BRDA:660,90,1,36
BRDA:661,91,0,84
BRDA:661,91,1,0
BRDA:663,92,0,84
BRDA:663,92,1,0
BRDA:669,93,0,84
BRDA:669,93,1,0
BRDA:670,94,0,84
BRDA:670,94,1,36
BRDA:673,95,0,84
BRDA:673,95,1,0
BRDA:674,96,0,3
BRDA:674,96,1,81
BRDA:676,97,0,5
BRDA:676,97,1,76
BRDA:683,98,0,0
BRDA:683,98,1,84
BRDA:774,99,0,7
BRDA:774,99,1,1
BRDA:823,100,0,1
BRDA:823,100,1,2
BRDA:827,101,0,1
BRDA:827,101,1,1
BRDA:829,102,0,1
BRDA:829,102,1,1
BRDA:868,103,0,1
BRDA:868,103,1,1
BRDA:923,104,0,1
BRDA:923,104,1,1
BRDA:972,105,0,1
BRDA:972,105,1,0
BRDA:989,106,0,4
BRDA:989,106,1,0
BRDA:989,107,0,4
BRDA:989,107,1,4
BRDA:1015,108,0,1
BRDA:1015,108,1,43
BRDA:1017,109,0,1
BRDA:1017,109,1,0
BRDA:1019,110,0,1
BRDA:1019,110,1,0
BRDA:1019,111,0,1
BRDA:1019,111,1,1
BRDA:1047,112,0,43
BRDA:1047,112,1,0
BRDA:1048,113,0,42
BRDA:1048,113,1,1
BRDA:1049,114,0,42
BRDA:1049,114,1,0
BRDA:1062,115,0,0
BRDA:1062,115,1,3
BRDA:1063,116,0,3
BRDA:1063,116,1,1
BRDA:1063,116,2,1
BRDA:1071,117,0,7
BRDA:1071,117,1,0
BRDA:1072,118,0,4
BRDA:1072,118,1,3
BRDA:1073,119,0,4
BRDA:1073,119,1,3
BRDA:1074,120,0,4
BRDA:1074,120,1,3
BRDA:1079,121,0,7
BRDA:1079,121,1,0
BRDA:1079,122,0,7
BRDA:1079,122,1,7
BRDA:1085,123,0,4
BRDA:1085,123,1,0
BRDA:1090,124,0,1
BRDA:1090,124,1,3
BRDA:1096,125,0,1
BRDA:1096,125,1,2
BRDA:1106,126,0,2
BRDA:1106,126,1,0
BRDA:1116,127,0,2
BRDA:1116,127,1,2
BRDA:1116,127,2,0
BRDA:1130,128,0,2
BRDA:1130,128,1,0
BRDA:1131,129,0,1
BRDA:1131,129,1,1
BRDA:1140,130,0,2
BRDA:1140,130,1,0
BRDA:1141,131,0,2
BRDA:1141,131,1,0
BRDA:1145,132,0,1
BRDA:1145,132,1,0
BRDA:1145,133,0,1
BRDA:1145,133,1,1
BRDA:1146,134,0,1
BRDA:1146,134,1,0
BRDA:1146,135,0,1
BRDA:1146,135,1,0
BRDA:1158,136,0,1
BRDA:1158,136,1,0
BRDA:1160,137,0,1
BRDA:1160,137,1,0
BRDA:1177,138,0,0
BRDA:1177,138,1,1
BRDA:1194,139,0,1
BRDA:1194,139,1,10
BRDA:1199,140,0,3
BRDA:1199,140,1,7
BRDA:1199,141,0,10
BRDA:1199,141,1,7
BRDA:1203,142,0,2
BRDA:1203,142,1,7
BRDA:1203,143,0,9
BRDA:1203,143,1,3
BRDA:1210,144,0,2
BRDA:1210,144,1,1
BRDA:1222,145,0,3
BRDA:1222,145,1,4
BRDA:1222,146,0,7
BRDA:1222,146,1,4
BRDA:1222,146,2,4
BRDA:1226,147,0,2
BRDA:1226,147,1,2
BRDA:1229,148,0,1
BRDA:1229,148,1,1
BRDA:1229,149,0,2
BRDA:1229,149,1,1
BRDA:1252,150,0,1
BRDA:1252,150,1,1
BRDA:1252,151,0,2
BRDA:1252,151,1,2
BRDA:1283,152,0,1
BRDA:1283,152,1,1
BRDA:1370,153,0,128
BRDA:1370,153,1,616
BRDA:1370,154,0,104
BRDA:1370,154,1,640
BRDA:1380,155,0,566
BRDA:1380,155,1,178
BRDA:1380,156,0,744
BRDA:1380,156,1,616
BRDA:1380,156,2,616
BRDA:1394,157,0,1
BRDA:1394,157,1,16
BRDA:1394,158,0,17
BRDA:1394,158,1,17
BRDA:1394,158,2,16
BRDA:1394,158,3,16
BRDA:1400,159,0,8
BRDA:1400,159,1,8
BRDA:1404,160,0,7
BRDA:1404,160,1,1
BRDA:1411,161,0,1
BRDA:1411,161,1,6
BRDA:1445,162,0,0
BRDA:1445,162,1,9
BRDA:1451,163,0,1
BRDA:1451,163,1,8
BRDA:1464,164,0,5
BRDA:1464,164,1,3
BRDA:1467,165,0,1
BRDA:1467,165,1,2
BRDA:1470,166,0,1
BRDA:1470,166,1,1
BRDA:1473,167,0,1
BRDA:1473,167,1,0
BRDA:1478,168,0,8
BRDA:1478,168,1,0
BRDA:1480,169,0,8
BRDA:1480,169,1,0
BRDA:1524,170,0,8
BRDA:1524,170,1,0
BRDA:1534,171,0,8
BRDA:1534,171,1,0
BRDA:1611,172,0,8
BRDA:1611,172,1,24
BRDA:1625,173,0,2
BRDA:1625,173,1,81
BRDA:1631,174,0,15
BRDA:1631,174,1,68
BRDA:1637,175,0,15
BRDA:1637,175,1,0
BRDA:1648,176,0,16
BRDA:1648,176,1,67
BRDA:1661,177,0,82
BRDA:1661,177,1,1
BRDA:1672,178,0,30
BRDA:1672,178,1,210
BRDA:1674,179,0,30
BRDA:1674,179,1,210
BRDA:1675,180,0,30
BRDA:1675,180,1,210
BRDA:1684,181,0,30
BRDA:1684,181,1,211
BRDA:1687,182,0,82
BRDA:1687,182,1,159
BRDA:1688,183,0,80
BRDA:1688,183,1,79
BRDA:1693,184,0,30
BRDA:1693,184,1,211
BRDA:1699,185,0,30
BRDA:1699,185,1,211
BRDA:1716,186,0,71
BRDA:1716,186,1,12
BRDA:1734,187,0,8
BRDA:1734,187,1,75
BRDA:1764,188,0,7
BRDA:1764,188,1,76
BRDA:1772,189,0,75
BRDA:1772,189,1,77
BRDA:1773,190,0,1
BRDA:1773,190,1,76
BRDA:1793,191,0,4
BRDA:1793,191,1,79
BRDA:1821,192,0,1
BRDA:1821,192,1,82
BRDA:1829,193,0,77
BRDA:1829,193,1,86
BRDA:1830,194,0,4
BRDA:1830,194,1,82
BRDA:1870,195,0,1
BRDA:1870,195,1,82
BRDA:1873,196,0,1
BRDA:1873,196,1,81
BRDA:1937,197,0,1
BRDA:1937,197,1,82
BRDA:1945,198,0,19
BRDA:1945,198,1,336
BRDA:1946,199,0,30
BRDA:1946,199,1,306
BRDA:1947,200,0,223
BRDA:1947,200,1,83
BRDA:1948,201,0,83
BRDA:1948,201,1,0
BRDA:1962,202,0,2
BRDA:1962,202,1,81
BRDA:1963,203,0,2
BRDA:1963,203,1,81
BRDA:1964,204,0,2
BRDA:1964,204,1,81
BRDA:1965,205,0,2
BRDA:1965,205,1,81
BRDA:1975,206,0,37
BRDA:1975,206,1,0
BRF:427
BRH:376
end_of_record
